<?xml version="1.0" encoding="UTF-8"?>
<coverage generated="1716239498925" clover="3.2.0">
  <project timestamp="1716239498925" name="All files">
    <metrics statements="17" coveredstatements="15" conditionals="2" coveredconditionals="2" methods="2" coveredmethods="2" elements="21" coveredelements="19" complexity="0" loc="17" ncloc="17" packages="1" files="2" classes="2"/>
    <file name="db.js" path="/Users/leo/WebstormProjects/JobApp/models/db.js">
      <metrics statements="3" coveredstatements="3" conditionals="0" coveredconditionals="0" methods="0" coveredmethods="0"/>
      <line num="1" count="1" type="stmt"/>
      <line num="3" count="1" type="stmt"/>
      <line num="10" count="1" type="stmt"/>
    </file>
    <file name="recruiter.js" path="/Users/leo/WebstormProjects/JobApp/models/recruiter.js">
      <metrics statements="14" coveredstatements="12" conditionals="2" coveredconditionals="2" methods="2" coveredmethods="2"/>
      <line num="1" count="1" type="stmt"/>
      <line num="3" count="1" type="stmt"/>
      <line num="5" count="2" type="stmt"/>
      <line num="6" count="2" type="stmt"/>
      <line num="7" count="2" type="stmt"/>
      <line num="9" count="2" type="cond" truecount="2" falsecount="0"/>
      <line num="10" count="1" type="stmt"/>
      <line num="12" count="1" type="stmt"/>
      <line num="15" count="0" type="stmt"/>
      <line num="19" count="1" type="stmt"/>
      <line num="20" count="1" type="stmt"/>
      <line num="21" count="1" type="stmt"/>
      <line num="22" count="1" type="stmt"/>
      <line num="24" count="0" type="stmt"/>
    </file>
  </project>
</coverage>
